0 info it worked if it ends with ok
1 verbose cli [ '/usr/bin/nodejs', '/usr/bin/npm', 'install', 'node' ]
2 info using npm@3.5.2
3 info using node@v4.2.6
4 silly loadCurrentTree Starting
5 silly install loadCurrentTree
6 silly install readLocalPackageData
7 silly fetchPackageMetaData node
8 silly fetchNamedPackageData node
9 silly mapToRegistry name node
10 silly mapToRegistry using default registry
11 silly mapToRegistry registry https://registry.npmjs.org/
12 silly mapToRegistry uri https://registry.npmjs.org/node
13 verbose request uri https://registry.npmjs.org/node
14 verbose request no auth needed
15 info attempt registry request try #1 at 5:59:45 PM
16 verbose request id 863975ef67d6b979
17 http request GET https://registry.npmjs.org/node
18 http 200 https://registry.npmjs.org/node
19 verbose headers { date: 'Sat, 16 Feb 2019 22:59:45 GMT',
19 verbose headers   'content-type': 'application/json',
19 verbose headers   'transfer-encoding': 'chunked',
19 verbose headers   connection: 'keep-alive',
19 verbose headers   'set-cookie': [ '__cfduid=dbf02484ef6ac27ffe6bd26e58d0869f81550357985; expires=Sun, 16-Feb-20 22:59:45 GMT; path=/; domain=.registry.npmjs.org; HttpOnly' ],
19 verbose headers   'cf-cache-status': 'HIT',
19 verbose headers   'cache-control': 'max-age=300',
19 verbose headers   'cf-ray': '4aa3a05ffa6891c4-EWR',
19 verbose headers   etag: 'W/"e6f144d4c009724d3741d8239a48c6fb"',
19 verbose headers   'expect-ct': 'max-age=604800, report-uri="https://report-uri.cloudflare.com/cdn-cgi/beacon/expect-ct"',
19 verbose headers   'last-modified': 'Fri, 15 Feb 2019 01:28:02 GMT',
19 verbose headers   vary: 'accept-encoding, accept',
19 verbose headers   'x-amz-meta-rev': '462-152ea396d6320b2f0625af120ae8c84d',
19 verbose headers   server: 'cloudflare',
19 verbose headers   'content-encoding': 'gzip' }
20 silly get cb [ 200,
20 silly get   { date: 'Sat, 16 Feb 2019 22:59:45 GMT',
20 silly get     'content-type': 'application/json',
20 silly get     'transfer-encoding': 'chunked',
20 silly get     connection: 'keep-alive',
20 silly get     'set-cookie': [ '__cfduid=dbf02484ef6ac27ffe6bd26e58d0869f81550357985; expires=Sun, 16-Feb-20 22:59:45 GMT; path=/; domain=.registry.npmjs.org; HttpOnly' ],
20 silly get     'cf-cache-status': 'HIT',
20 silly get     'cache-control': 'max-age=300',
20 silly get     'cf-ray': '4aa3a05ffa6891c4-EWR',
20 silly get     etag: 'W/"e6f144d4c009724d3741d8239a48c6fb"',
20 silly get     'expect-ct': 'max-age=604800, report-uri="https://report-uri.cloudflare.com/cdn-cgi/beacon/expect-ct"',
20 silly get     'last-modified': 'Fri, 15 Feb 2019 01:28:02 GMT',
20 silly get     vary: 'accept-encoding, accept',
20 silly get     'x-amz-meta-rev': '462-152ea396d6320b2f0625af120ae8c84d',
20 silly get     server: 'cloudflare',
20 silly get     'content-encoding': 'gzip' } ]
21 verbose get saving node to /home/anmol/.npm/registry.npmjs.org/node/.cache.json
22 silly install normalizeTree
23 silly loadCurrentTree Finishing
24 silly loadIdealTree Starting
25 silly install loadIdealTree
26 silly cloneCurrentTree Starting
27 silly install cloneCurrentTreeToIdealTree
28 silly cloneCurrentTree Finishing
29 silly loadShrinkwrap Starting
30 silly install loadShrinkwrap
31 silly loadShrinkwrap Finishing
32 silly loadAllDepsIntoIdealTree Starting
33 silly install loadAllDepsIntoIdealTree
34 silly resolveWithNewModule node@11.10.0 checking installable status
35 silly cache add args [ 'node', null ]
36 verbose cache add spec node
37 silly cache add parsed spec Result {
37 silly cache add   raw: 'node',
37 silly cache add   scope: null,
37 silly cache add   name: 'node',
37 silly cache add   rawSpec: '',
37 silly cache add   spec: 'latest',
37 silly cache add   type: 'tag' }
38 silly addNamed node@latest
39 verbose addNamed "latest" is being treated as a dist-tag for node
40 info addNameTag [ 'node', 'latest' ]
41 silly mapToRegistry name node
42 silly mapToRegistry using default registry
43 silly mapToRegistry registry https://registry.npmjs.org/
44 silly mapToRegistry uri https://registry.npmjs.org/node
45 verbose addNameTag registry:https://registry.npmjs.org/node not in flight; fetching
46 verbose get https://registry.npmjs.org/node not expired, no request
47 silly addNameTag next cb for node with tag latest
48 silly addNamed node@11.10.0
49 verbose addNamed "11.10.0" is a plain semver version for node
50 silly mapToRegistry name node
51 silly mapToRegistry using default registry
52 silly mapToRegistry registry https://registry.npmjs.org/
53 silly mapToRegistry uri https://registry.npmjs.org/node
54 verbose addRemoteTarball https://registry.npmjs.org/node/-/node-11.10.0.tgz not in flight; adding
55 verbose addRemoteTarball [ 'https://registry.npmjs.org/node/-/node-11.10.0.tgz',
55 verbose addRemoteTarball   'f6ed6667d9e0f6bace726579a227a14cc7b02b15' ]
56 info retry fetch attempt 1 at 5:59:45 PM
57 info attempt registry request try #1 at 5:59:45 PM
58 http fetch GET https://registry.npmjs.org/node/-/node-11.10.0.tgz
59 http fetch 200 https://registry.npmjs.org/node/-/node-11.10.0.tgz
60 silly fetchAndShaCheck shasum f6ed6667d9e0f6bace726579a227a14cc7b02b15
61 verbose addTmpTarball /tmp/npm-10547-6e7cc16a/registry.npmjs.org/node/-/node-11.10.0.tgz not in flight; adding
62 verbose addTmpTarball already have metadata; skipping unpack for node@11.10.0
63 silly cache afterAdd node@11.10.0
64 verbose afterAdd /home/anmol/.npm/node/11.10.0/package/package.json not in flight; writing
65 verbose afterAdd /home/anmol/.npm/node/11.10.0/package/package.json written
66 silly fetchNamedPackageData node-bin-setup
67 silly mapToRegistry name node-bin-setup
68 silly mapToRegistry using default registry
69 silly mapToRegistry registry https://registry.npmjs.org/
70 silly mapToRegistry uri https://registry.npmjs.org/node-bin-setup
71 verbose request uri https://registry.npmjs.org/node-bin-setup
72 verbose request no auth needed
73 info attempt registry request try #1 at 5:59:45 PM
74 http request GET https://registry.npmjs.org/node-bin-setup
75 http 200 https://registry.npmjs.org/node-bin-setup
76 verbose headers { date: 'Sat, 16 Feb 2019 22:59:45 GMT',
76 verbose headers   'content-type': 'application/json; charset=UTF-8',
76 verbose headers   'transfer-encoding': 'chunked',
76 verbose headers   connection: 'keep-alive',
76 verbose headers   'set-cookie': [ '__cfduid=d149d3f3e6edc4186f05d6db0dce68fa91550357985; expires=Sun, 16-Feb-20 22:59:45 GMT; path=/; domain=.registry.npmjs.org; HttpOnly' ],
76 verbose headers   'cf-cache-status': 'REVALIDATED',
76 verbose headers   'cache-control': 'max-age=300',
76 verbose headers   'cf-ray': '4aa3a061ea2391fa-EWR',
76 verbose headers   etag: 'W/"696d6ec470fda56a33885508a280edab"',
76 verbose headers   'expect-ct': 'max-age=604800, report-uri="https://report-uri.cloudflare.com/cdn-cgi/beacon/expect-ct"',
76 verbose headers   'last-modified': 'Sun, 27 May 2018 09:55:03 GMT',
76 verbose headers   vary: 'accept-encoding, accept',
76 verbose headers   server: 'cloudflare',
76 verbose headers   'content-encoding': 'gzip' }
77 silly get cb [ 200,
77 silly get   { date: 'Sat, 16 Feb 2019 22:59:45 GMT',
77 silly get     'content-type': 'application/json; charset=UTF-8',
77 silly get     'transfer-encoding': 'chunked',
77 silly get     connection: 'keep-alive',
77 silly get     'set-cookie': [ '__cfduid=d149d3f3e6edc4186f05d6db0dce68fa91550357985; expires=Sun, 16-Feb-20 22:59:45 GMT; path=/; domain=.registry.npmjs.org; HttpOnly' ],
77 silly get     'cf-cache-status': 'REVALIDATED',
77 silly get     'cache-control': 'max-age=300',
77 silly get     'cf-ray': '4aa3a061ea2391fa-EWR',
77 silly get     etag: 'W/"696d6ec470fda56a33885508a280edab"',
77 silly get     'expect-ct': 'max-age=604800, report-uri="https://report-uri.cloudflare.com/cdn-cgi/beacon/expect-ct"',
77 silly get     'last-modified': 'Sun, 27 May 2018 09:55:03 GMT',
77 silly get     vary: 'accept-encoding, accept',
77 silly get     server: 'cloudflare',
77 silly get     'content-encoding': 'gzip' } ]
78 verbose get saving node-bin-setup to /home/anmol/.npm/registry.npmjs.org/node-bin-setup/.cache.json
79 silly resolveWithNewModule node-bin-setup@1.0.6 checking installable status
80 silly cache add args [ 'node-bin-setup@^1.0.0', null ]
81 verbose cache add spec node-bin-setup@^1.0.0
82 silly cache add parsed spec Result {
82 silly cache add   raw: 'node-bin-setup@^1.0.0',
82 silly cache add   scope: null,
82 silly cache add   name: 'node-bin-setup',
82 silly cache add   rawSpec: '^1.0.0',
82 silly cache add   spec: '>=1.0.0 <2.0.0',
82 silly cache add   type: 'range' }
83 silly addNamed node-bin-setup@>=1.0.0 <2.0.0
84 verbose addNamed ">=1.0.0 <2.0.0" is a valid semver range for node-bin-setup
85 silly addNameRange { name: 'node-bin-setup',
85 silly addNameRange   range: '>=1.0.0 <2.0.0',
85 silly addNameRange   hasData: false }
86 silly mapToRegistry name node-bin-setup
87 silly mapToRegistry using default registry
88 silly mapToRegistry registry https://registry.npmjs.org/
89 silly mapToRegistry uri https://registry.npmjs.org/node-bin-setup
90 verbose addNameRange registry:https://registry.npmjs.org/node-bin-setup not in flight; fetching
91 verbose get https://registry.npmjs.org/node-bin-setup not expired, no request
92 silly addNameRange number 2 { name: 'node-bin-setup',
92 silly addNameRange   range: '>=1.0.0 <2.0.0',
92 silly addNameRange   hasData: true }
93 silly addNameRange versions [ 'node-bin-setup',
93 silly addNameRange   [ '1.0.0', '1.0.1', '1.0.2', '1.0.3', '1.0.4', '1.0.6' ] ]
94 silly addNamed node-bin-setup@1.0.6
95 verbose addNamed "1.0.6" is a plain semver version for node-bin-setup
96 silly mapToRegistry name node-bin-setup
97 silly mapToRegistry using default registry
98 silly mapToRegistry registry https://registry.npmjs.org/
99 silly mapToRegistry uri https://registry.npmjs.org/node-bin-setup
100 verbose addRemoteTarball https://registry.npmjs.org/node-bin-setup/-/node-bin-setup-1.0.6.tgz not in flight; adding
101 verbose addRemoteTarball [ 'https://registry.npmjs.org/node-bin-setup/-/node-bin-setup-1.0.6.tgz',
101 verbose addRemoteTarball   '4b5c9bb937ece702d7069b36ca78af4684677528' ]
102 info retry fetch attempt 1 at 5:59:45 PM
103 info attempt registry request try #1 at 5:59:45 PM
104 http fetch GET https://registry.npmjs.org/node-bin-setup/-/node-bin-setup-1.0.6.tgz
105 http fetch 200 https://registry.npmjs.org/node-bin-setup/-/node-bin-setup-1.0.6.tgz
106 silly fetchAndShaCheck shasum 4b5c9bb937ece702d7069b36ca78af4684677528
107 verbose addTmpTarball /tmp/npm-10547-6e7cc16a/registry.npmjs.org/node-bin-setup/-/node-bin-setup-1.0.6.tgz not in flight; adding
108 verbose addTmpTarball already have metadata; skipping unpack for node-bin-setup@1.0.6
109 silly cache afterAdd node-bin-setup@1.0.6
110 verbose afterAdd /home/anmol/.npm/node-bin-setup/1.0.6/package/package.json not in flight; writing
111 verbose afterAdd /home/anmol/.npm/node-bin-setup/1.0.6/package/package.json written
112 silly loadAllDepsIntoIdealTree Finishing
113 silly idealTree:prePrune blindspot@1.0.0
113 silly idealTree:prePrune ├── accepts@1.3.5
113 silly idealTree:prePrune ├── array-flatten@1.1.1
113 silly idealTree:prePrune ├── body-parser@1.18.3
113 silly idealTree:prePrune ├── bytes@3.0.0
113 silly idealTree:prePrune ├── content-disposition@0.5.2
113 silly idealTree:prePrune ├── content-type@1.0.4
113 silly idealTree:prePrune ├── cookie-signature@1.0.6
113 silly idealTree:prePrune ├── cookie@0.3.1
113 silly idealTree:prePrune ├── debug@2.6.9
113 silly idealTree:prePrune ├── depd@1.1.2
113 silly idealTree:prePrune ├── destroy@1.0.4
113 silly idealTree:prePrune ├── ee-first@1.1.1
113 silly idealTree:prePrune ├── encodeurl@1.0.2
113 silly idealTree:prePrune ├── escape-html@1.0.3
113 silly idealTree:prePrune ├── etag@1.8.1
113 silly idealTree:prePrune ├── express@4.16.4
113 silly idealTree:prePrune ├── finalhandler@1.1.1
113 silly idealTree:prePrune ├── forwarded@0.1.2
113 silly idealTree:prePrune ├── fresh@0.5.2
113 silly idealTree:prePrune ├── http-errors@1.6.3
113 silly idealTree:prePrune ├── iconv-lite@0.4.23
113 silly idealTree:prePrune ├── inherits@2.0.3
113 silly idealTree:prePrune ├── ipaddr.js@1.8.0
113 silly idealTree:prePrune ├── media-typer@0.3.0
113 silly idealTree:prePrune ├── merge-descriptors@1.0.1
113 silly idealTree:prePrune ├── methods@1.1.2
113 silly idealTree:prePrune ├── mime-db@1.38.0
113 silly idealTree:prePrune ├── mime-types@2.1.22
113 silly idealTree:prePrune ├── mime@1.4.1
113 silly idealTree:prePrune ├── ms@2.0.0
113 silly idealTree:prePrune ├── negotiator@0.6.1
113 silly idealTree:prePrune ├── node-bin-setup@1.0.6
113 silly idealTree:prePrune ├── node@11.10.0
113 silly idealTree:prePrune ├── on-finished@2.3.0
113 silly idealTree:prePrune ├── parseurl@1.3.2
113 silly idealTree:prePrune ├── path-to-regexp@0.1.7
113 silly idealTree:prePrune ├── proxy-addr@2.0.4
113 silly idealTree:prePrune ├── qs@6.5.2
113 silly idealTree:prePrune ├── range-parser@1.2.0
113 silly idealTree:prePrune ├── raw-body@2.3.3
113 silly idealTree:prePrune ├── safe-buffer@5.1.2
113 silly idealTree:prePrune ├── safer-buffer@2.1.2
113 silly idealTree:prePrune ├── send@0.16.2
113 silly idealTree:prePrune ├── serve-static@1.13.2
113 silly idealTree:prePrune ├── setprototypeof@1.1.0
113 silly idealTree:prePrune ├── statuses@1.4.0
113 silly idealTree:prePrune ├── type-is@1.6.16
113 silly idealTree:prePrune ├── unpipe@1.0.0
113 silly idealTree:prePrune ├── utils-merge@1.0.1
113 silly idealTree:prePrune └── vary@1.1.2
114 silly loadIdealTree Finishing
115 silly currentTree blindspot@1.0.0
115 silly currentTree ├── accepts@1.3.5
115 silly currentTree ├── array-flatten@1.1.1
115 silly currentTree ├── body-parser@1.18.3
115 silly currentTree ├── bytes@3.0.0
115 silly currentTree ├── content-disposition@0.5.2
115 silly currentTree ├── content-type@1.0.4
115 silly currentTree ├── cookie-signature@1.0.6
115 silly currentTree ├── cookie@0.3.1
115 silly currentTree ├── debug@2.6.9
115 silly currentTree ├── depd@1.1.2
115 silly currentTree ├── destroy@1.0.4
115 silly currentTree ├── ee-first@1.1.1
115 silly currentTree ├── encodeurl@1.0.2
115 silly currentTree ├── escape-html@1.0.3
115 silly currentTree ├── etag@1.8.1
115 silly currentTree ├── express@4.16.4
115 silly currentTree ├── finalhandler@1.1.1
115 silly currentTree ├── forwarded@0.1.2
115 silly currentTree ├── fresh@0.5.2
115 silly currentTree ├── http-errors@1.6.3
115 silly currentTree ├── iconv-lite@0.4.23
115 silly currentTree ├── inherits@2.0.3
115 silly currentTree ├── ipaddr.js@1.8.0
115 silly currentTree ├── media-typer@0.3.0
115 silly currentTree ├── merge-descriptors@1.0.1
115 silly currentTree ├── methods@1.1.2
115 silly currentTree ├── mime-db@1.38.0
115 silly currentTree ├── mime-types@2.1.22
115 silly currentTree ├── mime@1.4.1
115 silly currentTree ├── ms@2.0.0
115 silly currentTree ├── negotiator@0.6.1
115 silly currentTree ├── on-finished@2.3.0
115 silly currentTree ├── parseurl@1.3.2
115 silly currentTree ├── path-to-regexp@0.1.7
115 silly currentTree ├── proxy-addr@2.0.4
115 silly currentTree ├── qs@6.5.2
115 silly currentTree ├── range-parser@1.2.0
115 silly currentTree ├── raw-body@2.3.3
115 silly currentTree ├── safe-buffer@5.1.2
115 silly currentTree ├── safer-buffer@2.1.2
115 silly currentTree ├── send@0.16.2
115 silly currentTree ├── serve-static@1.13.2
115 silly currentTree ├── setprototypeof@1.1.0
115 silly currentTree ├── statuses@1.4.0
115 silly currentTree ├── type-is@1.6.16
115 silly currentTree ├── unpipe@1.0.0
115 silly currentTree ├── utils-merge@1.0.1
115 silly currentTree └── vary@1.1.2
116 silly idealTree blindspot@1.0.0
116 silly idealTree ├── accepts@1.3.5
116 silly idealTree ├── array-flatten@1.1.1
116 silly idealTree ├── body-parser@1.18.3
116 silly idealTree ├── bytes@3.0.0
116 silly idealTree ├── content-disposition@0.5.2
116 silly idealTree ├── content-type@1.0.4
116 silly idealTree ├── cookie-signature@1.0.6
116 silly idealTree ├── cookie@0.3.1
116 silly idealTree ├── debug@2.6.9
116 silly idealTree ├── depd@1.1.2
116 silly idealTree ├── destroy@1.0.4
116 silly idealTree ├── ee-first@1.1.1
116 silly idealTree ├── encodeurl@1.0.2
116 silly idealTree ├── escape-html@1.0.3
116 silly idealTree ├── etag@1.8.1
116 silly idealTree ├── express@4.16.4
116 silly idealTree ├── finalhandler@1.1.1
116 silly idealTree ├── forwarded@0.1.2
116 silly idealTree ├── fresh@0.5.2
116 silly idealTree ├── http-errors@1.6.3
116 silly idealTree ├── iconv-lite@0.4.23
116 silly idealTree ├── inherits@2.0.3
116 silly idealTree ├── ipaddr.js@1.8.0
116 silly idealTree ├── media-typer@0.3.0
116 silly idealTree ├── merge-descriptors@1.0.1
116 silly idealTree ├── methods@1.1.2
116 silly idealTree ├── mime-db@1.38.0
116 silly idealTree ├── mime-types@2.1.22
116 silly idealTree ├── mime@1.4.1
116 silly idealTree ├── ms@2.0.0
116 silly idealTree ├── negotiator@0.6.1
116 silly idealTree ├── node-bin-setup@1.0.6
116 silly idealTree ├── node@11.10.0
116 silly idealTree ├── on-finished@2.3.0
116 silly idealTree ├── parseurl@1.3.2
116 silly idealTree ├── path-to-regexp@0.1.7
116 silly idealTree ├── proxy-addr@2.0.4
116 silly idealTree ├── qs@6.5.2
116 silly idealTree ├── range-parser@1.2.0
116 silly idealTree ├── raw-body@2.3.3
116 silly idealTree ├── safe-buffer@5.1.2
116 silly idealTree ├── safer-buffer@2.1.2
116 silly idealTree ├── send@0.16.2
116 silly idealTree ├── serve-static@1.13.2
116 silly idealTree ├── setprototypeof@1.1.0
116 silly idealTree ├── statuses@1.4.0
116 silly idealTree ├── type-is@1.6.16
116 silly idealTree ├── unpipe@1.0.0
116 silly idealTree ├── utils-merge@1.0.1
116 silly idealTree └── vary@1.1.2
117 silly generateActionsToTake Starting
118 silly install generateActionsToTake
119 silly generateActionsToTake Finishing
120 silly diffTrees action count 2
121 silly diffTrees add node-bin-setup@1.0.6
122 silly diffTrees add node@11.10.0
123 silly decomposeActions action count 16
124 silly decomposeActions fetch node-bin-setup@1.0.6
125 silly decomposeActions extract node-bin-setup@1.0.6
126 silly decomposeActions test node-bin-setup@1.0.6
127 silly decomposeActions preinstall node-bin-setup@1.0.6
128 silly decomposeActions build node-bin-setup@1.0.6
129 silly decomposeActions install node-bin-setup@1.0.6
130 silly decomposeActions postinstall node-bin-setup@1.0.6
131 silly decomposeActions finalize node-bin-setup@1.0.6
132 silly decomposeActions fetch node@11.10.0
133 silly decomposeActions extract node@11.10.0
134 silly decomposeActions test node@11.10.0
135 silly decomposeActions preinstall node@11.10.0
136 silly decomposeActions build node@11.10.0
137 silly decomposeActions install node@11.10.0
138 silly decomposeActions postinstall node@11.10.0
139 silly decomposeActions finalize node@11.10.0
140 silly executeActions Starting
141 silly install executeActions
142 silly doSerial global-install 0
143 silly doParallel fetch 2
144 verbose lock using /home/anmol/.npm/_locks/staging-b2f94d951dd6e832.lock for /home/anmol/Documents/BlindSpot/node_modules/.staging
145 silly doParallel extract 2
146 silly extract node-bin-setup@1.0.6
147 silly extract node@11.10.0
148 verbose unbuild node_modules/.staging/node-bin-setup-fecafd3e
149 verbose unbuild node_modules/.staging/node-e1d17320
150 silly gentlyRm /home/anmol/Documents/BlindSpot/node_modules/.staging/node-bin-setup-fecafd3e is being purged from base /home/anmol/Documents/BlindSpot
151 verbose gentlyRm don't care about contents; nuking /home/anmol/Documents/BlindSpot/node_modules/.staging/node-bin-setup-fecafd3e
152 verbose tar unpack /home/anmol/.npm/node-bin-setup/1.0.6/package.tgz
153 verbose tar unpacking to /home/anmol/Documents/BlindSpot/node_modules/.staging/node-bin-setup-fecafd3e
154 silly gentlyRm /home/anmol/Documents/BlindSpot/node_modules/.staging/node-bin-setup-fecafd3e is being purged
155 verbose gentlyRm don't care about contents; nuking /home/anmol/Documents/BlindSpot/node_modules/.staging/node-bin-setup-fecafd3e
156 silly gentlyRm /home/anmol/Documents/BlindSpot/node_modules/.staging/node-e1d17320 is being purged from base /home/anmol/Documents/BlindSpot
157 verbose gentlyRm don't care about contents; nuking /home/anmol/Documents/BlindSpot/node_modules/.staging/node-e1d17320
158 silly gunzTarPerm modes [ '775', '664' ]
159 verbose tar unpack /home/anmol/.npm/node/11.10.0/package.tgz
160 verbose tar unpacking to /home/anmol/Documents/BlindSpot/node_modules/.staging/node-e1d17320
161 silly gentlyRm /home/anmol/Documents/BlindSpot/node_modules/.staging/node-e1d17320 is being purged
162 verbose gentlyRm don't care about contents; nuking /home/anmol/Documents/BlindSpot/node_modules/.staging/node-e1d17320
163 silly gunzTarPerm modes [ '775', '664' ]
164 silly gunzTarPerm extractEntry package.json
165 silly gunzTarPerm modified mode [ 'package.json', 420, 436 ]
166 silly gunzTarPerm extractEntry package.json
167 silly gunzTarPerm modified mode [ 'package.json', 420, 436 ]
168 silly gunzTarPerm extractEntry index.js
169 silly gunzTarPerm modified mode [ 'index.js', 420, 436 ]
170 silly gunzTarPerm extractEntry installArchSpecificPackage.js
171 silly gunzTarPerm modified mode [ 'installArchSpecificPackage.js', 420, 436 ]
172 silly gunzTarPerm extractEntry README.md
173 silly gunzTarPerm modified mode [ 'README.md', 420, 436 ]
174 silly gentlyRm /home/anmol/Documents/BlindSpot/node_modules/.staging/node-bin-setup-fecafd3e/node_modules is being purged
175 verbose gentlyRm don't care about contents; nuking /home/anmol/Documents/BlindSpot/node_modules/.staging/node-bin-setup-fecafd3e/node_modules
176 silly gentlyRm /home/anmol/Documents/BlindSpot/node_modules/.staging/node-e1d17320/node_modules is being purged
177 verbose gentlyRm don't care about contents; nuking /home/anmol/Documents/BlindSpot/node_modules/.staging/node-e1d17320/node_modules
178 silly doParallel preinstall 2
179 silly preinstall node-bin-setup@1.0.6 /home/anmol/Documents/BlindSpot/node_modules/.staging/node-bin-setup-fecafd3e
180 info lifecycle node-bin-setup@1.0.6~preinstall: node-bin-setup@1.0.6
181 silly preinstall node@11.10.0 /home/anmol/Documents/BlindSpot/node_modules/.staging/node-e1d17320
182 info lifecycle node@11.10.0~preinstall: node@11.10.0
183 silly lifecycle node-bin-setup@1.0.6~preinstall: no script for preinstall, continuing
184 verbose lifecycle node@11.10.0~preinstall: unsafe-perm in lifecycle true
185 verbose lifecycle node@11.10.0~preinstall: PATH: /usr/share/npm/bin/node-gyp-bin:/home/anmol/Documents/BlindSpot/node_modules/.staging/node-e1d17320/node_modules/.bin:/home/anmol/Documents/BlindSpot/node_modules/.bin:/opt/ros/kinetic/bin:/home/anmol/bin:/home/anmol/.local/bin:/home/anmol/bin:/home/anmol/.local/bin:/usr/local/sbin:/usr/local/bin:/usr/sbin:/usr/bin:/sbin:/bin:/usr/games:/usr/local/games:/snap/bin
186 verbose lifecycle node@11.10.0~preinstall: CWD: /home/anmol/Documents/BlindSpot/node_modules/.staging/node-e1d17320
187 silly lifecycle node@11.10.0~preinstall: Args: [ '-c', 'node installArchSpecificPackage' ]
188 info lifecycle node@11.10.0~preinstall: Failed to exec preinstall script
189 verbose unlock done using /home/anmol/.npm/_locks/staging-b2f94d951dd6e832.lock for /home/anmol/Documents/BlindSpot/node_modules/.staging
190 silly rollbackFailedOptional Starting
191 silly rollbackFailedOptional Finishing
192 silly runTopLevelLifecycles Starting
193 silly runTopLevelLifecycles Finishing
194 silly install printInstalled
195 warn blindspot@1.0.0 No repository field.
196 verbose stack Error: node@11.10.0 preinstall: `node installArchSpecificPackage`
196 verbose stack spawn ENOENT
196 verbose stack     at ChildProcess.<anonymous> (/usr/share/npm/lib/utils/spawn.js:17:16)
196 verbose stack     at emitTwo (events.js:87:13)
196 verbose stack     at ChildProcess.emit (events.js:172:7)
196 verbose stack     at maybeClose (internal/child_process.js:821:16)
196 verbose stack     at Process.ChildProcess._handle.onexit (internal/child_process.js:211:5)
197 verbose pkgid node@11.10.0
198 verbose cwd /home/anmol/Documents/BlindSpot
199 error Linux 4.15.0-45-generic
200 error argv "/usr/bin/nodejs" "/usr/bin/npm" "install" "node"
201 error node v4.2.6
202 error npm  v3.5.2
203 error file sh
204 error code ELIFECYCLE
205 error errno ENOENT
206 error syscall spawn
207 error node@11.10.0 preinstall: `node installArchSpecificPackage`
207 error spawn ENOENT
208 error Failed at the node@11.10.0 preinstall script 'node installArchSpecificPackage'.
208 error Make sure you have the latest version of node.js and npm installed.
208 error If you do, this is most likely a problem with the node package,
208 error not with npm itself.
208 error Tell the author that this fails on your system:
208 error     node installArchSpecificPackage
208 error You can get information on how to open an issue for this project with:
208 error     npm bugs node
208 error Or if that isn't available, you can get their info via:
208 error     npm owner ls node
208 error There is likely additional logging output above.
209 verbose exit [ 1, true ]
